<?xml version="1.0" encoding="UTF-8" ?>
<testsuites errors="0"
            failures="2"
            tests="6">

  <testsuite name="3-shopping-cart"
    errors="0" failures="2" hostname="" id="" package="3-shopping-cart" skipped="0"
    tests="6" time="10.40" timestamp="Tue, 20 Nov 2018 04:01:15 GMT">
  
    <testcase name="Aucun produit dans le panier" classname="3-shopping-cart" time="2.322" assertions="3">

    

      <failure message="Le paragraphe doit indiquer &#39;Aucun produit dans le panier.&#39;.">    at validateEmptyShoppingCartView (/Users/Paul-Arthur/Documents/Poly Montréal/Sites Webs Dynamiques et Transactionnels/SitesWebsDynamiques/TP4/tests/e2e/3-shopping-cart.js:17:13)
    at Object.Aucun produit dans le panier (/Users/Paul-Arthur/Documents/Poly Montréal/Sites Webs Dynamiques et Transactionnels/SitesWebsDynamiques/TP4/tests/e2e/3-shopping-cart.js:173:5)</failure>

    
    </testcase>
  
    <testcase name="Un ou plusieurs produits dans le panier" classname="3-shopping-cart" time="3.658" assertions="14">

    

    

    

    

    

    

    

    

    

    

    

    

      <failure message="Le total doit être &#39;2799,94$&#39;.">    at validateTotalAmount (/Users/Paul-Arthur/Documents/Poly Montréal/Sites Webs Dynamiques et Transactionnels/SitesWebsDynamiques/TP4/tests/e2e/3-shopping-cart.js:116:17)
    at Object.Un ou plusieurs produits dans le panier (/Users/Paul-Arthur/Documents/Poly Montréal/Sites Webs Dynamiques et Transactionnels/SitesWebsDynamiques/TP4/tests/e2e/3-shopping-cart.js:196:5)</failure>

    
    </testcase>
  
    <testcase name="Suppression d&#39;un item dans le panier" classname="3-shopping-cart" time="1.587" assertions="13">

    

    

    

    

    

    

    

    

    

    

    

    

    
    </testcase>
  
    <testcase name="Augmentation de la quantite associee a un item dans le panier" classname="3-shopping-cart" time="0.7480" assertions="7">

    

    

    

    

    

    

    
    </testcase>
  
    <testcase name="Diminution de la quantite associee a un item dans le panier" classname="3-shopping-cart" time="0.8500" assertions="7">

    

    

    

    

    

    

    
    </testcase>
  
    <testcase name="Suppression de tous les produits dans le panier" classname="3-shopping-cart" time="1.235" assertions="10">

    

    

    

    

    

    

    

    

    

    
    </testcase>
  

  
    <system-err>
        Error while running [1 Products / Categories des produits]:

  AssertionError [ERR_ASSERTION]: Le prix pour le produit #1 doit être &#39;299,99$&#39;.
    at Object.&lt;anonymous&gt; (/Users/Paul-Arthur/Documents/Poly Montréal/Sites Webs Dynamiques et Transactionnels/SitesWebsDynamiques/TP4/tests/e2e/1-products.js:54:11)
    at HttpRequest.&lt;anonymous&gt; (/Users/Paul-Arthur/Documents/Poly Montréal/Sites Webs Dynamiques et Transactionnels/SitesWebsDynamiques/TP4/node_modules/nightwatch/lib/index.js:366:18)
    at HttpRequest.emit (events.js:182:13)
    at HttpRequest.&lt;anonymous&gt; (/Users/Paul-Arthur/Documents/Poly Montréal/Sites Webs Dynamiques et Transactionnels/SitesWebsDynamiques/TP4/node_modules/nightwatch/lib/index.js:382:15)
    at HttpRequest.emit (events.js:182:13)
    at IncomingMessage.&lt;anonymous&gt; (/Users/Paul-Arthur/Documents/Poly Montréal/Sites Webs Dynamiques et Transactionnels/SitesWebsDynamiques/TP4/node_modules/nightwatch/lib/http/request.js:170:16)
    at IncomingMessage.emit (events.js:187:15)
    at endReadableNT (_stream_readable.js:1081:12)
    at process._tickCallback (internal/process/next_tick.js:63:19)
ERROR: Unable to locate element: &#34;#first-name&#34; using: css selector
    at /Users/Paul-Arthur/Documents/Poly Montréal/Sites Webs Dynamiques et Transactionnels/SitesWebsDynamiques/TP4/tests/e2e/4-order.js:119:16
    at Array.forEach (&lt;anonymous&gt;)
    at /Users/Paul-Arthur/Documents/Poly Montréal/Sites Webs Dynamiques et Transactionnels/SitesWebsDynamiques/TP4/tests/e2e/4-order.js:118:21
    at Array.forEach (&lt;anonymous&gt;)
    at Object.Remplissage du formulaire (/Users/Paul-Arthur/Documents/Poly Montréal/Sites Webs Dynamiques et Transactionnels/SitesWebsDynamiques/TP4/tests/e2e/4-order.js:117:12)
    at Module.call (/Users/Paul-Arthur/Documents/Poly Montréal/Sites Webs Dynamiques et Transactionnels/SitesWebsDynamiques/TP4/node_modules/nightwatch/lib/runner/module.js:62:34)
    at /Users/Paul-Arthur/Documents/Poly Montréal/Sites Webs Dynamiques et Transactionnels/SitesWebsDynamiques/TP4/node_modules/nightwatch/lib/runner/testcase.js:70:29
    at _fulfilled (/Users/Paul-Arthur/Documents/Poly Montréal/Sites Webs Dynamiques et Transactionnels/SitesWebsDynamiques/TP4/node_modules/q/q.js:834:54)
    at /Users/Paul-Arthur/Documents/Poly Montréal/Sites Webs Dynamiques et Transactionnels/SitesWebsDynamiques/TP4/node_modules/q/q.js:863:30
    at Promise.promise.promiseDispatch (/Users/Paul-Arthur/Documents/Poly Montréal/Sites Webs Dynamiques et Transactionnels/SitesWebsDynamiques/TP4/node_modules/q/q.js:796:13)
ERROR: Unable to locate element: &#34;#first-name&#34; using: css selector
    at /Users/Paul-Arthur/Documents/Poly Montréal/Sites Webs Dynamiques et Transactionnels/SitesWebsDynamiques/TP4/tests/e2e/4-order.js:120:12
    at Array.forEach (&lt;anonymous&gt;)
    at /Users/Paul-Arthur/Documents/Poly Montréal/Sites Webs Dynamiques et Transactionnels/SitesWebsDynamiques/TP4/tests/e2e/4-order.js:118:21
    at Array.forEach (&lt;anonymous&gt;)
    at Object.Remplissage du formulaire (/Users/Paul-Arthur/Documents/Poly Montréal/Sites Webs Dynamiques et Transactionnels/SitesWebsDynamiques/TP4/tests/e2e/4-order.js:117:12)
    at Module.call (/Users/Paul-Arthur/Documents/Poly Montréal/Sites Webs Dynamiques et Transactionnels/SitesWebsDynamiques/TP4/node_modules/nightwatch/lib/runner/module.js:62:34)
    at /Users/Paul-Arthur/Documents/Poly Montréal/Sites Webs Dynamiques et Transactionnels/SitesWebsDynamiques/TP4/node_modules/nightwatch/lib/runner/testcase.js:70:29
    at _fulfilled (/Users/Paul-Arthur/Documents/Poly Montréal/Sites Webs Dynamiques et Transactionnels/SitesWebsDynamiques/TP4/node_modules/q/q.js:834:54)
    at /Users/Paul-Arthur/Documents/Poly Montréal/Sites Webs Dynamiques et Transactionnels/SitesWebsDynamiques/TP4/node_modules/q/q.js:863:30
    at Promise.promise.promiseDispatch (/Users/Paul-Arthur/Documents/Poly Montréal/Sites Webs Dynamiques et Transactionnels/SitesWebsDynamiques/TP4/node_modules/q/q.js:796:13)
ERROR: Unable to locate element: &#34;#first-name-error&#34; using: css selector
    at F.command (/Users/Paul-Arthur/Documents/Poly Montréal/Sites Webs Dynamiques et Transactionnels/SitesWebsDynamiques/TP4/node_modules/nightwatch/lib/api/assertions/containsText.js:46:21)
    at F.module.exports.BaseAssertion._scheduleAssertion (/Users/Paul-Arthur/Documents/Poly Montréal/Sites Webs Dynamiques et Transactionnels/SitesWebsDynamiques/TP4/node_modules/nightwatch/lib/core/assertion.js:87:17)
    at F.module.exports.BaseAssertion._executeCommand (/Users/Paul-Arthur/Documents/Poly Montréal/Sites Webs Dynamiques et Transactionnels/SitesWebsDynamiques/TP4/node_modules/nightwatch/lib/core/assertion.js:82:17)
    at AssertionInstance.commandFn [as _commandFn] (/Users/Paul-Arthur/Documents/Poly Montréal/Sites Webs Dynamiques et Transactionnels/SitesWebsDynamiques/TP4/node_modules/nightwatch/lib/core/assertion.js:180:21)
    at AsyncTree.runCommand (/Users/Paul-Arthur/Documents/Poly Montréal/Sites Webs Dynamiques et Transactionnels/SitesWebsDynamiques/TP4/node_modules/nightwatch/lib/core/queue.js:154:30)
    at AsyncTree.runChildNode (/Users/Paul-Arthur/Documents/Poly Montréal/Sites Webs Dynamiques et Transactionnels/SitesWebsDynamiques/TP4/node_modules/nightwatch/lib/core/queue.js:114:8)
    at AsyncTree.walkDown (/Users/Paul-Arthur/Documents/Poly Montréal/Sites Webs Dynamiques et Transactionnels/SitesWebsDynamiques/TP4/node_modules/nightwatch/lib/core/queue.js:80:10)
    at AsyncTree.walkUp (/Users/Paul-Arthur/Documents/Poly Montréal/Sites Webs Dynamiques et Transactionnels/SitesWebsDynamiques/TP4/node_modules/nightwatch/lib/core/queue.js:97:8)
    at AsyncTree.walkDown (/Users/Paul-Arthur/Documents/Poly Montréal/Sites Webs Dynamiques et Transactionnels/SitesWebsDynamiques/TP4/node_modules/nightwatch/lib/core/queue.js:90:12)
    at AsyncTree.traverse (/Users/Paul-Arthur/Documents/Poly Montréal/Sites Webs Dynamiques et Transactionnels/SitesWebsDynamiques/TP4/node_modules/nightwatch/lib/core/queue.js:73:8)
ERROR: Unable to locate element: &#34;#order-form&#34; using: css selector
    at Object.Soumission d&#39;un formulaire valide (/Users/Paul-Arthur/Documents/Poly Montréal/Sites Webs Dynamiques et Transactionnels/SitesWebsDynamiques/TP4/tests/e2e/4-order.js:136:12)
    at Module.call (/Users/Paul-Arthur/Documents/Poly Montréal/Sites Webs Dynamiques et Transactionnels/SitesWebsDynamiques/TP4/node_modules/nightwatch/lib/runner/module.js:62:34)
    at /Users/Paul-Arthur/Documents/Poly Montréal/Sites Webs Dynamiques et Transactionnels/SitesWebsDynamiques/TP4/node_modules/nightwatch/lib/runner/testcase.js:70:29
    at _fulfilled (/Users/Paul-Arthur/Documents/Poly Montréal/Sites Webs Dynamiques et Transactionnels/SitesWebsDynamiques/TP4/node_modules/q/q.js:834:54)
    at /Users/Paul-Arthur/Documents/Poly Montréal/Sites Webs Dynamiques et Transactionnels/SitesWebsDynamiques/TP4/node_modules/q/q.js:863:30
    at Promise.promise.promiseDispatch (/Users/Paul-Arthur/Documents/Poly Montréal/Sites Webs Dynamiques et Transactionnels/SitesWebsDynamiques/TP4/node_modules/q/q.js:796:13)
    at /Users/Paul-Arthur/Documents/Poly Montréal/Sites Webs Dynamiques et Transactionnels/SitesWebsDynamiques/TP4/node_modules/q/q.js:556:49
    at runSingle (/Users/Paul-Arthur/Documents/Poly Montréal/Sites Webs Dynamiques et Transactionnels/SitesWebsDynamiques/TP4/node_modules/q/q.js:137:13)
    at flush (/Users/Paul-Arthur/Documents/Poly Montréal/Sites Webs Dynamiques et Transactionnels/SitesWebsDynamiques/TP4/node_modules/q/q.js:125:13)
    at process._tickCallback (internal/process/next_tick.js:61:11)
    </system-err>
  

  
  </testsuite>
</testsuites>
