<?xml version="1.0" encoding="UTF-8" ?>
<testsuites errors="0"
            failures="2"
            tests="3">

  <testsuite name="2-product"
    errors="0" failures="2" hostname="" id="" package="2-product" skipped="0"
    tests="3" time="19.54" timestamp="Tue, 20 Nov 2018 02:59:42 GMT">
  
    <testcase name="Page d&#39;un produit" classname="2-product" time="2.516" assertions="4">

    

    

      <failure message="La description associée au produit &#39;Canon EOS 5D Mark II&#39; doit être valide.">    at Object.Page d&#39;un produit (/Users/Paul-Arthur/Documents/Poly Montréal/Sites Webs Dynamiques et Transactionnels/SitesWebsDynamiques/TP4/tests/e2e/2-product.js:40:15)
    at process._tickCallback (internal/process/next_tick.js:61:11)</failure>

    
    </testcase>
  
    <testcase name="Produit invalide" classname="2-product" time="10.58" assertions="1">  <failure message="Les requêtes AJAX sont complétées.">    at endReadableNT (_stream_readable.js:1081:12)</failure>

    
    </testcase>
  
    <testcase name="Ajout de produits dans le panier" classname="2-product" time="6.444" assertions="10">

    

    

    

    

    

    

    

    

    

    
    </testcase>
  

  
    <system-err>
        Error while running [1 Products / Categories des produits]:

  AssertionError [ERR_ASSERTION]: Le prix pour le produit #1 doit être &#39;299,99$&#39;.
    at Object.&lt;anonymous&gt; (/Users/Paul-Arthur/Documents/Poly Montréal/Sites Webs Dynamiques et Transactionnels/SitesWebsDynamiques/TP4/tests/e2e/1-products.js:54:11)
    at HttpRequest.&lt;anonymous&gt; (/Users/Paul-Arthur/Documents/Poly Montréal/Sites Webs Dynamiques et Transactionnels/SitesWebsDynamiques/TP4/node_modules/nightwatch/lib/index.js:366:18)
    at HttpRequest.emit (events.js:182:13)
    at HttpRequest.&lt;anonymous&gt; (/Users/Paul-Arthur/Documents/Poly Montréal/Sites Webs Dynamiques et Transactionnels/SitesWebsDynamiques/TP4/node_modules/nightwatch/lib/index.js:382:15)
    at HttpRequest.emit (events.js:182:13)
    at IncomingMessage.&lt;anonymous&gt; (/Users/Paul-Arthur/Documents/Poly Montréal/Sites Webs Dynamiques et Transactionnels/SitesWebsDynamiques/TP4/node_modules/nightwatch/lib/http/request.js:170:16)
    at IncomingMessage.emit (events.js:187:15)
    at endReadableNT (_stream_readable.js:1081:12)
    at process._tickCallback (internal/process/next_tick.js:63:19)
ERROR: Unable to locate element: &#34;.remove-item-button&#34; using: css selector
    at pressRemoveItemButton (/Users/Paul-Arthur/Documents/Poly Montréal/Sites Webs Dynamiques et Transactionnels/SitesWebsDynamiques/TP4/tests/e2e/3-shopping-cart.js:200:21)
    at Object.Suppression d&#39;un item dans le panier (/Users/Paul-Arthur/Documents/Poly Montréal/Sites Webs Dynamiques et Transactionnels/SitesWebsDynamiques/TP4/tests/e2e/3-shopping-cart.js:205:5)
    at Module.call (/Users/Paul-Arthur/Documents/Poly Montréal/Sites Webs Dynamiques et Transactionnels/SitesWebsDynamiques/TP4/node_modules/nightwatch/lib/runner/module.js:62:34)
    at /Users/Paul-Arthur/Documents/Poly Montréal/Sites Webs Dynamiques et Transactionnels/SitesWebsDynamiques/TP4/node_modules/nightwatch/lib/runner/testcase.js:70:29
    at _fulfilled (/Users/Paul-Arthur/Documents/Poly Montréal/Sites Webs Dynamiques et Transactionnels/SitesWebsDynamiques/TP4/node_modules/q/q.js:834:54)
    at /Users/Paul-Arthur/Documents/Poly Montréal/Sites Webs Dynamiques et Transactionnels/SitesWebsDynamiques/TP4/node_modules/q/q.js:863:30
    at Promise.promise.promiseDispatch (/Users/Paul-Arthur/Documents/Poly Montréal/Sites Webs Dynamiques et Transactionnels/SitesWebsDynamiques/TP4/node_modules/q/q.js:796:13)
    at /Users/Paul-Arthur/Documents/Poly Montréal/Sites Webs Dynamiques et Transactionnels/SitesWebsDynamiques/TP4/node_modules/q/q.js:556:49
    at runSingle (/Users/Paul-Arthur/Documents/Poly Montréal/Sites Webs Dynamiques et Transactionnels/SitesWebsDynamiques/TP4/node_modules/q/q.js:137:13)
    at flush (/Users/Paul-Arthur/Documents/Poly Montréal/Sites Webs Dynamiques et Transactionnels/SitesWebsDynamiques/TP4/node_modules/q/q.js:125:13)
ERROR: Unable to locate element: &#34;.remove-item-button&#34; using: css selector
    at pressRemoveItemButton (/Users/Paul-Arthur/Documents/Poly Montréal/Sites Webs Dynamiques et Transactionnels/SitesWebsDynamiques/TP4/tests/e2e/3-shopping-cart.js:200:21)
    at Object.Suppression d&#39;un item dans le panier (/Users/Paul-Arthur/Documents/Poly Montréal/Sites Webs Dynamiques et Transactionnels/SitesWebsDynamiques/TP4/tests/e2e/3-shopping-cart.js:214:5)
    at Module.call (/Users/Paul-Arthur/Documents/Poly Montréal/Sites Webs Dynamiques et Transactionnels/SitesWebsDynamiques/TP4/node_modules/nightwatch/lib/runner/module.js:62:34)
    at /Users/Paul-Arthur/Documents/Poly Montréal/Sites Webs Dynamiques et Transactionnels/SitesWebsDynamiques/TP4/node_modules/nightwatch/lib/runner/testcase.js:70:29
    at _fulfilled (/Users/Paul-Arthur/Documents/Poly Montréal/Sites Webs Dynamiques et Transactionnels/SitesWebsDynamiques/TP4/node_modules/q/q.js:834:54)
    at /Users/Paul-Arthur/Documents/Poly Montréal/Sites Webs Dynamiques et Transactionnels/SitesWebsDynamiques/TP4/node_modules/q/q.js:863:30
    at Promise.promise.promiseDispatch (/Users/Paul-Arthur/Documents/Poly Montréal/Sites Webs Dynamiques et Transactionnels/SitesWebsDynamiques/TP4/node_modules/q/q.js:796:13)
    at /Users/Paul-Arthur/Documents/Poly Montréal/Sites Webs Dynamiques et Transactionnels/SitesWebsDynamiques/TP4/node_modules/q/q.js:556:49
    at runSingle (/Users/Paul-Arthur/Documents/Poly Montréal/Sites Webs Dynamiques et Transactionnels/SitesWebsDynamiques/TP4/node_modules/q/q.js:137:13)
    at flush (/Users/Paul-Arthur/Documents/Poly Montréal/Sites Webs Dynamiques et Transactionnels/SitesWebsDynamiques/TP4/node_modules/q/q.js:125:13)
ERROR: Unable to locate element: &#34;.add-quantity-button&#34; using: css selector
    at Object.Augmentation de la quantite associee a un item dans le panier (/Users/Paul-Arthur/Documents/Poly Montréal/Sites Webs Dynamiques et Transactionnels/SitesWebsDynamiques/TP4/tests/e2e/3-shopping-cart.js:226:12)
    at Module.call (/Users/Paul-Arthur/Documents/Poly Montréal/Sites Webs Dynamiques et Transactionnels/SitesWebsDynamiques/TP4/node_modules/nightwatch/lib/runner/module.js:62:34)
    at /Users/Paul-Arthur/Documents/Poly Montréal/Sites Webs Dynamiques et Transactionnels/SitesWebsDynamiques/TP4/node_modules/nightwatch/lib/runner/testcase.js:70:29
    at _fulfilled (/Users/Paul-Arthur/Documents/Poly Montréal/Sites Webs Dynamiques et Transactionnels/SitesWebsDynamiques/TP4/node_modules/q/q.js:834:54)
    at /Users/Paul-Arthur/Documents/Poly Montréal/Sites Webs Dynamiques et Transactionnels/SitesWebsDynamiques/TP4/node_modules/q/q.js:863:30
    at Promise.promise.promiseDispatch (/Users/Paul-Arthur/Documents/Poly Montréal/Sites Webs Dynamiques et Transactionnels/SitesWebsDynamiques/TP4/node_modules/q/q.js:796:13)
    at /Users/Paul-Arthur/Documents/Poly Montréal/Sites Webs Dynamiques et Transactionnels/SitesWebsDynamiques/TP4/node_modules/q/q.js:556:49
    at runSingle (/Users/Paul-Arthur/Documents/Poly Montréal/Sites Webs Dynamiques et Transactionnels/SitesWebsDynamiques/TP4/node_modules/q/q.js:137:13)
    at flush (/Users/Paul-Arthur/Documents/Poly Montréal/Sites Webs Dynamiques et Transactionnels/SitesWebsDynamiques/TP4/node_modules/q/q.js:125:13)
    at process._tickCallback (internal/process/next_tick.js:61:11)
ERROR: Unable to locate element: &#34;.remove-quantity-button&#34; using: css selector
    at Object.Diminution de la quantite associee a un item dans le panier (/Users/Paul-Arthur/Documents/Poly Montréal/Sites Webs Dynamiques et Transactionnels/SitesWebsDynamiques/TP4/tests/e2e/3-shopping-cart.js:236:12)
    at Module.call (/Users/Paul-Arthur/Documents/Poly Montréal/Sites Webs Dynamiques et Transactionnels/SitesWebsDynamiques/TP4/node_modules/nightwatch/lib/runner/module.js:62:34)
    at /Users/Paul-Arthur/Documents/Poly Montréal/Sites Webs Dynamiques et Transactionnels/SitesWebsDynamiques/TP4/node_modules/nightwatch/lib/runner/testcase.js:70:29
    at _fulfilled (/Users/Paul-Arthur/Documents/Poly Montréal/Sites Webs Dynamiques et Transactionnels/SitesWebsDynamiques/TP4/node_modules/q/q.js:834:54)
    at /Users/Paul-Arthur/Documents/Poly Montréal/Sites Webs Dynamiques et Transactionnels/SitesWebsDynamiques/TP4/node_modules/q/q.js:863:30
    at Promise.promise.promiseDispatch (/Users/Paul-Arthur/Documents/Poly Montréal/Sites Webs Dynamiques et Transactionnels/SitesWebsDynamiques/TP4/node_modules/q/q.js:796:13)
    at /Users/Paul-Arthur/Documents/Poly Montréal/Sites Webs Dynamiques et Transactionnels/SitesWebsDynamiques/TP4/node_modules/q/q.js:556:49
    at runSingle (/Users/Paul-Arthur/Documents/Poly Montréal/Sites Webs Dynamiques et Transactionnels/SitesWebsDynamiques/TP4/node_modules/q/q.js:137:13)
    at flush (/Users/Paul-Arthur/Documents/Poly Montréal/Sites Webs Dynamiques et Transactionnels/SitesWebsDynamiques/TP4/node_modules/q/q.js:125:13)
    at process._tickCallback (internal/process/next_tick.js:61:11)
ERROR: Unable to locate element: &#34;#first-name&#34; using: css selector
    at /Users/Paul-Arthur/Documents/Poly Montréal/Sites Webs Dynamiques et Transactionnels/SitesWebsDynamiques/TP4/tests/e2e/4-order.js:119:16
    at Array.forEach (&lt;anonymous&gt;)
    at /Users/Paul-Arthur/Documents/Poly Montréal/Sites Webs Dynamiques et Transactionnels/SitesWebsDynamiques/TP4/tests/e2e/4-order.js:118:21
    at Array.forEach (&lt;anonymous&gt;)
    at Object.Remplissage du formulaire (/Users/Paul-Arthur/Documents/Poly Montréal/Sites Webs Dynamiques et Transactionnels/SitesWebsDynamiques/TP4/tests/e2e/4-order.js:117:12)
    at Module.call (/Users/Paul-Arthur/Documents/Poly Montréal/Sites Webs Dynamiques et Transactionnels/SitesWebsDynamiques/TP4/node_modules/nightwatch/lib/runner/module.js:62:34)
    at /Users/Paul-Arthur/Documents/Poly Montréal/Sites Webs Dynamiques et Transactionnels/SitesWebsDynamiques/TP4/node_modules/nightwatch/lib/runner/testcase.js:70:29
    at _fulfilled (/Users/Paul-Arthur/Documents/Poly Montréal/Sites Webs Dynamiques et Transactionnels/SitesWebsDynamiques/TP4/node_modules/q/q.js:834:54)
    at /Users/Paul-Arthur/Documents/Poly Montréal/Sites Webs Dynamiques et Transactionnels/SitesWebsDynamiques/TP4/node_modules/q/q.js:863:30
    at Promise.promise.promiseDispatch (/Users/Paul-Arthur/Documents/Poly Montréal/Sites Webs Dynamiques et Transactionnels/SitesWebsDynamiques/TP4/node_modules/q/q.js:796:13)
ERROR: Unable to locate element: &#34;#first-name&#34; using: css selector
    at /Users/Paul-Arthur/Documents/Poly Montréal/Sites Webs Dynamiques et Transactionnels/SitesWebsDynamiques/TP4/tests/e2e/4-order.js:120:12
    at Array.forEach (&lt;anonymous&gt;)
    at /Users/Paul-Arthur/Documents/Poly Montréal/Sites Webs Dynamiques et Transactionnels/SitesWebsDynamiques/TP4/tests/e2e/4-order.js:118:21
    at Array.forEach (&lt;anonymous&gt;)
    at Object.Remplissage du formulaire (/Users/Paul-Arthur/Documents/Poly Montréal/Sites Webs Dynamiques et Transactionnels/SitesWebsDynamiques/TP4/tests/e2e/4-order.js:117:12)
    at Module.call (/Users/Paul-Arthur/Documents/Poly Montréal/Sites Webs Dynamiques et Transactionnels/SitesWebsDynamiques/TP4/node_modules/nightwatch/lib/runner/module.js:62:34)
    at /Users/Paul-Arthur/Documents/Poly Montréal/Sites Webs Dynamiques et Transactionnels/SitesWebsDynamiques/TP4/node_modules/nightwatch/lib/runner/testcase.js:70:29
    at _fulfilled (/Users/Paul-Arthur/Documents/Poly Montréal/Sites Webs Dynamiques et Transactionnels/SitesWebsDynamiques/TP4/node_modules/q/q.js:834:54)
    at /Users/Paul-Arthur/Documents/Poly Montréal/Sites Webs Dynamiques et Transactionnels/SitesWebsDynamiques/TP4/node_modules/q/q.js:863:30
    at Promise.promise.promiseDispatch (/Users/Paul-Arthur/Documents/Poly Montréal/Sites Webs Dynamiques et Transactionnels/SitesWebsDynamiques/TP4/node_modules/q/q.js:796:13)
ERROR: Unable to locate element: &#34;#first-name-error&#34; using: css selector
    at F.command (/Users/Paul-Arthur/Documents/Poly Montréal/Sites Webs Dynamiques et Transactionnels/SitesWebsDynamiques/TP4/node_modules/nightwatch/lib/api/assertions/containsText.js:46:21)
    at F.module.exports.BaseAssertion._scheduleAssertion (/Users/Paul-Arthur/Documents/Poly Montréal/Sites Webs Dynamiques et Transactionnels/SitesWebsDynamiques/TP4/node_modules/nightwatch/lib/core/assertion.js:87:17)
    at F.module.exports.BaseAssertion._executeCommand (/Users/Paul-Arthur/Documents/Poly Montréal/Sites Webs Dynamiques et Transactionnels/SitesWebsDynamiques/TP4/node_modules/nightwatch/lib/core/assertion.js:82:17)
    at AssertionInstance.commandFn [as _commandFn] (/Users/Paul-Arthur/Documents/Poly Montréal/Sites Webs Dynamiques et Transactionnels/SitesWebsDynamiques/TP4/node_modules/nightwatch/lib/core/assertion.js:180:21)
    at AsyncTree.runCommand (/Users/Paul-Arthur/Documents/Poly Montréal/Sites Webs Dynamiques et Transactionnels/SitesWebsDynamiques/TP4/node_modules/nightwatch/lib/core/queue.js:154:30)
    at AsyncTree.runChildNode (/Users/Paul-Arthur/Documents/Poly Montréal/Sites Webs Dynamiques et Transactionnels/SitesWebsDynamiques/TP4/node_modules/nightwatch/lib/core/queue.js:114:8)
    at AsyncTree.walkDown (/Users/Paul-Arthur/Documents/Poly Montréal/Sites Webs Dynamiques et Transactionnels/SitesWebsDynamiques/TP4/node_modules/nightwatch/lib/core/queue.js:80:10)
    at AsyncTree.walkUp (/Users/Paul-Arthur/Documents/Poly Montréal/Sites Webs Dynamiques et Transactionnels/SitesWebsDynamiques/TP4/node_modules/nightwatch/lib/core/queue.js:97:8)
    at AsyncTree.walkDown (/Users/Paul-Arthur/Documents/Poly Montréal/Sites Webs Dynamiques et Transactionnels/SitesWebsDynamiques/TP4/node_modules/nightwatch/lib/core/queue.js:90:12)
    at AsyncTree.traverse (/Users/Paul-Arthur/Documents/Poly Montréal/Sites Webs Dynamiques et Transactionnels/SitesWebsDynamiques/TP4/node_modules/nightwatch/lib/core/queue.js:73:8)
ERROR: Unable to locate element: &#34;#order-form&#34; using: css selector
    at Object.Soumission d&#39;un formulaire valide (/Users/Paul-Arthur/Documents/Poly Montréal/Sites Webs Dynamiques et Transactionnels/SitesWebsDynamiques/TP4/tests/e2e/4-order.js:136:12)
    at Module.call (/Users/Paul-Arthur/Documents/Poly Montréal/Sites Webs Dynamiques et Transactionnels/SitesWebsDynamiques/TP4/node_modules/nightwatch/lib/runner/module.js:62:34)
    at /Users/Paul-Arthur/Documents/Poly Montréal/Sites Webs Dynamiques et Transactionnels/SitesWebsDynamiques/TP4/node_modules/nightwatch/lib/runner/testcase.js:70:29
    at _fulfilled (/Users/Paul-Arthur/Documents/Poly Montréal/Sites Webs Dynamiques et Transactionnels/SitesWebsDynamiques/TP4/node_modules/q/q.js:834:54)
    at /Users/Paul-Arthur/Documents/Poly Montréal/Sites Webs Dynamiques et Transactionnels/SitesWebsDynamiques/TP4/node_modules/q/q.js:863:30
    at Promise.promise.promiseDispatch (/Users/Paul-Arthur/Documents/Poly Montréal/Sites Webs Dynamiques et Transactionnels/SitesWebsDynamiques/TP4/node_modules/q/q.js:796:13)
    at /Users/Paul-Arthur/Documents/Poly Montréal/Sites Webs Dynamiques et Transactionnels/SitesWebsDynamiques/TP4/node_modules/q/q.js:556:49
    at runSingle (/Users/Paul-Arthur/Documents/Poly Montréal/Sites Webs Dynamiques et Transactionnels/SitesWebsDynamiques/TP4/node_modules/q/q.js:137:13)
    at flush (/Users/Paul-Arthur/Documents/Poly Montréal/Sites Webs Dynamiques et Transactionnels/SitesWebsDynamiques/TP4/node_modules/q/q.js:125:13)
    at process._tickCallback (internal/process/next_tick.js:61:11)
    </system-err>
  

  
  </testsuite>
</testsuites>
